<?xml version="1.0" encoding="UTF-8"?>
<!-- Generated by org.testng.reporters.JUnitXMLReporter -->
<testsuite ignored="0" hostname="OITS-2100227" failures="0" tests="4" name="eCommerce" time="10.884" errors="0" timestamp="2025-01-24T12:20:44 IST">
  <testcase classname="com.eCommerce.testCases.TC_LoginPage" name="blankPassword" time="0.525"/>
  <testcase classname="com.eCommerce.testCases.TC_LoginPage" name="emptyCredentials" time="1.689"/>
  <testcase classname="com.eCommerce.testCases.TC_LoginPage" name="blankUserName" time="1.613"/>
  <testcase classname="com.eCommerce.testCases.TC_LoginPage" name="ValidCredentials" time="1.784"/>
</testsuite> <!-- eCommerce -->
