<?xml version="1.0" encoding="UTF-8"?>
<!-- Generated by org.testng.reporters.JUnitXMLReporter -->
<testsuite ignored="0" hostname="OITS-2100227" failures="0" tests="4" name="LoginPage" time="10.054" errors="0" timestamp="2025-01-27T13:16:39 IST">
  <testcase classname="com.eCommerce.testCases.TC_LoginPage" name="emptyCredentials" time="0.362"/>
  <testcase classname="com.eCommerce.testCases.TC_LoginPage" name="blankUserName" time="1.699"/>
  <testcase classname="com.eCommerce.testCases.TC_LoginPage" name="blankPassword" time="1.529"/>
  <testcase classname="com.eCommerce.testCases.TC_LoginPage" name="ValidCredentials" time="2.053"/>
</testsuite> <!-- LoginPage -->
