<?xml version="1.0" encoding="UTF-8"?>
<!-- Generated by org.testng.reporters.JUnitXMLReporter -->
<testsuite ignored="3" hostname="OITS-2100227" failures="1" tests="1" name="Smoke" time="0.11" errors="0" timestamp="2025-01-27T13:36:06 IST">
  <testcase classname="com.eCommerce.testCases.TC_LoginPage" name="ValidCredentials" time="0.061">
    <failure type="java.lang.NullPointerException" message="Cannot invoke &amp;quot;org.openqa.selenium.SearchContext.findElement(org.openqa.selenium.By)&amp;quot; because &amp;quot;this.searchContext&amp;quot; is null">
      <![CDATA[java.lang.NullPointerException: Cannot invoke "org.openqa.selenium.SearchContext.findElement(org.openqa.selenium.By)" because "this.searchContext" is null
at org.openqa.selenium.support.pagefactory.DefaultElementLocator.findElement(DefaultElementLocator.java:68)
at org.openqa.selenium.support.pagefactory.internal.LocatingElementHandler.invoke(LocatingElementHandler.java:38)
at jdk.proxy2/jdk.proxy2.$Proxy13.isDisplayed(Unknown Source)
at org.openqa.selenium.support.ui.ExpectedConditions.elementIfVisible(ExpectedConditions.java:304)
at org.openqa.selenium.support.ui.ExpectedConditions$10.apply(ExpectedConditions.java:290)
at org.openqa.selenium.support.ui.ExpectedConditions$10.apply(ExpectedConditions.java:287)
at org.openqa.selenium.support.ui.FluentWait.until(FluentWait.java:203)
at com.eCommerce.pageObject.LoginPage.setUserName(LoginPage.java:29)
at com.eCommerce.testCases.TC_LoginPage.ValidCredentials(TC_LoginPage.java:16)
at java.base/java.util.ArrayList.forEach(ArrayList.java:1597)
... Removed 25 stack frames]]>
    </failure>
  </testcase> <!-- ValidCredentials -->
  <testcase classname="com.eCommerce.testCases.TC_LoginPage" name="blankPassword" time="0.0">
    <ignored/>
  </testcase> <!-- blankPassword -->
  <testcase classname="com.eCommerce.testCases.TC_LoginPage" name="blankUserName" time="0.0">
    <ignored/>
  </testcase> <!-- blankUserName -->
  <testcase classname="com.eCommerce.testCases.TC_LoginPage" name="emptyCredentials" time="0.0">
    <ignored/>
  </testcase> <!-- emptyCredentials -->
</testsuite> <!-- Smoke -->
