<?xml version="1.0" encoding="UTF-8"?>
<!-- Generated by org.testng.reporters.JUnitXMLReporter -->
<testsuite ignored="3" hostname="OITS-2100227" failures="1" tests="1" name="Smoke Test" time="0.322" errors="0" timestamp="29 Jan 2025 12:50:26 GMT">
  <testcase classname="com.eCommerce.testCases.TC_LoginPage" name="ValidCredentials" time="0.019">
    <failure type="java.lang.NullPointerException" message="Cannot invoke &amp;quot;com.eCommerce.pageObject.LoginPage.setUserName(String)&amp;quot; because &amp;quot;this.lg&amp;quot; is null">
      <![CDATA[java.lang.NullPointerException: Cannot invoke "com.eCommerce.pageObject.LoginPage.setUserName(String)" because "this.lg" is null
at com.eCommerce.testCases.TC_LoginPage.ValidCredentials(TC_LoginPage.java:30)
... Removed 23 stack frames]]>
    </failure>
  </testcase> <!-- ValidCredentials -->
  <testcase classname="com.eCommerce.testCases.TC_LoginPage" name="blankPassword" time="0.0">
    <ignored/>
  </testcase> <!-- blankPassword -->
  <testcase classname="com.eCommerce.testCases.TC_LoginPage" name="emptyCredentials" time="0.0">
    <ignored/>
  </testcase> <!-- emptyCredentials -->
  <testcase classname="com.eCommerce.testCases.TC_LoginPage" name="blankUserName" time="0.0">
    <ignored/>
  </testcase> <!-- blankUserName -->
</testsuite> <!-- Smoke Test -->
