<?xml version="1.0" encoding="UTF-8"?>
<!-- Generated by org.testng.reporters.JUnitXMLReporter -->
<testsuite ignored="3" hostname="OITS-2100227" failures="1" tests="1" name="Smoke test(failed)" time="0.113" errors="0" timestamp="29 Jan 2025 06:20:58 GMT">
  <testcase classname="com.eCommerce.testCases.TC_LoginPage" name="ValidCredentials" time="0.073">
    <failure type="java.lang.NullPointerException" message="Cannot invoke &amp;quot;org.openqa.selenium.SearchContext.findElement(org.openqa.selenium.By)&amp;quot; because &amp;quot;this.searchContext&amp;quot; is null">
      <![CDATA[java.lang.NullPointerException: Cannot invoke "org.openqa.selenium.SearchContext.findElement(org.openqa.selenium.By)" because "this.searchContext" is null
at org.openqa.selenium.support.pagefactory.DefaultElementLocator.findElement(DefaultElementLocator.java:68)
at org.openqa.selenium.support.pagefactory.internal.LocatingElementHandler.invoke(LocatingElementHandler.java:38)
at jdk.proxy2/jdk.proxy2.$Proxy27.sendKeys(Unknown Source)
at com.eCommerce.pageObject.LoginPage.setUserName(LoginPage.java:24)
at com.eCommerce.testCases.TC_LoginPage.ValidCredentials(TC_LoginPage.java:11)
... Removed 23 stack frames]]>
    </failure>
  </testcase> <!-- ValidCredentials -->
  <testcase classname="com.eCommerce.testCases.TC_LoginPage" name="blankPassword" time="0.0">
    <ignored/>
  </testcase> <!-- blankPassword -->
  <testcase classname="com.eCommerce.testCases.TC_LoginPage" name="emptyCredentials" time="0.0">
    <ignored/>
  </testcase> <!-- emptyCredentials -->
  <testcase classname="com.eCommerce.testCases.TC_LoginPage" name="blankUserName" time="0.0">
    <ignored/>
  </testcase> <!-- blankUserName -->
</testsuite> <!-- Smoke test(failed) -->
